<?xml version="1.0" encoding="UTF-8"?>
<testng-results ignored="0" total="1" passed="1" failed="0" skipped="0">
  <reporter-output>
  </reporter-output>
  <suite started-at="2025-01-21T12:48:08 TRT" name="Regression" finished-at="2025-01-21T12:48:27 TRT" duration-ms="19827">
    <groups>
    </groups>
    <test started-at="2025-01-21T12:48:08 TRT" name="Tests on Chrome" finished-at="2025-01-21T12:48:27 TRT" duration-ms="19827">
      <class name="lesson15.ParallelTests">
        <test-method is-config="true" signature="setup(java.lang.String)[pri:0, instance:lesson15.ParallelTests@460d0a57]" started-at="2025-01-21T12:48:08 TRT" name="setup" finished-at="2025-01-21T12:48:13 TRT" duration-ms="5339" status="PASS">
          <params>
            <param index="0">
              <value>
                <![CDATA[chrome]]>
              </value>
            </param>
          </params>
          <reporter-output>
          </reporter-output>
        </test-method> <!-- setup -->
        <test-method signature="getTitleForLinkedin()[pri:0, instance:lesson15.ParallelTests@460d0a57]" started-at="2025-01-21T12:48:13 TRT" name="getTitleForLinkedin" finished-at="2025-01-21T12:48:27 TRT" duration-ms="14420" status="PASS">
          <reporter-output>
          </reporter-output>
        </test-method> <!-- getTitleForLinkedin -->
        <test-method is-config="true" signature="tearDown()[pri:0, instance:lesson15.ParallelTests@460d0a57]" started-at="2025-01-21T12:48:27 TRT" name="tearDown" finished-at="2025-01-21T12:48:27 TRT" duration-ms="2" status="PASS">
          <reporter-output>
          </reporter-output>
        </test-method> <!-- tearDown -->
      </class> <!-- lesson15.ParallelTests -->
    </test> <!-- Tests on Chrome -->
  </suite> <!-- Regression -->
</testng-results>
